<?xml version="1.0" encoding="UTF-8"?>
<testng-results ignored="0" total="1" passed="1" failed="0" skipped="0">
  <reporter-output>
  </reporter-output>
  <suite started-at="2025-01-20T12:07:31 IST" name="Default suite" finished-at="2025-01-20T12:09:26 IST" duration-ms="114955">
    <groups>
    </groups>
    <test started-at="2025-01-20T12:07:31 IST" name="Default test" finished-at="2025-01-20T12:09:26 IST" duration-ms="114955">
      <class name="testCases.Test_CollegeL1LoginTest">
        <test-method is-config="true" signature="setup()[pri:0, instance:testCases.Test_CollegeL1LoginTest@702657cc]" started-at="2025-01-20T12:07:31 IST" name="setup" finished-at="2025-01-20T12:08:16 IST" duration-ms="45014" status="PASS">
          <reporter-output>
          </reporter-output>
        </test-method> <!-- setup -->
        <test-method signature="collgeLoginTest()[pri:0, instance:testCases.Test_CollegeL1LoginTest@702657cc]" started-at="2025-01-20T12:08:16 IST" name="collgeLoginTest" finished-at="2025-01-20T12:09:26 IST" duration-ms="69897" status="PASS">
          <reporter-output>
          </reporter-output>
        </test-method> <!-- collgeLoginTest -->
        <test-method is-config="true" signature="teardown()[pri:0, instance:testCases.Test_CollegeL1LoginTest@702657cc]" started-at="2025-01-20T12:09:26 IST" name="teardown" finished-at="2025-01-20T12:09:26 IST" duration-ms="1" status="PASS">
          <reporter-output>
          </reporter-output>
        </test-method> <!-- teardown -->
      </class> <!-- testCases.Test_CollegeL1LoginTest -->
    </test> <!-- Default test -->
  </suite> <!-- Default suite -->
</testng-results>
