<?xml version="1.0" encoding="UTF-8"?>
<testng-results ignored="0" total="1" passed="1" failed="0" skipped="0">
  <reporter-output>
  </reporter-output>
  <suite started-at="2025-01-28T16:36:26 IST" name="Default suite" finished-at="2025-01-28T16:38:58 IST" duration-ms="152257">
    <groups>
      <group name="cucumber">
        <method signature="AbstractTestNGCucumberTests.runScenario(io.cucumber.testng.PickleWrapper,io.cucumber.testng.FeatureWrapper)[pri:0, instance:testRunner.CollegeCreationRunner@37ceb1df]" name="runScenario" class="io.cucumber.testng.AbstractTestNGCucumberTests"/>
      </group> <!-- cucumber -->
    </groups>
    <test started-at="2025-01-28T16:36:26 IST" name="Default test" finished-at="2025-01-28T16:38:58 IST" duration-ms="152257">
      <class name="testRunner.CollegeCreationRunner">
        <test-method is-config="true" signature="setUpClass(org.testng.ITestContext)[pri:0, instance:testRunner.CollegeCreationRunner@37ceb1df]" started-at="2025-01-28T16:36:26 IST" name="setUpClass" finished-at="2025-01-28T16:36:27 IST" duration-ms="776" status="PASS">
          <params>
            <param index="0">
              <value>
                <![CDATA[org.testng.TestRunner@6068cda1]]>
              </value>
            </param>
          </params>
          <reporter-output>
          </reporter-output>
        </test-method> <!-- setUpClass -->
        <test-method signature="runScenario(io.cucumber.testng.PickleWrapper,io.cucumber.testng.FeatureWrapper)[pri:0, instance:testRunner.CollegeCreationRunner@37ceb1df]" started-at="2025-01-28T16:36:27 IST" name="runScenario" description="Runs Cucumber Scenarios" data-provider="scenarios" finished-at="2025-01-28T16:38:57 IST" duration-ms="150312" status="PASS">
          <params>
            <param index="0">
              <value>
                <![CDATA["Checking the College creation functrionality"]]>
              </value>
            </param>
            <param index="1">
              <value>
                <![CDATA["College Creation"]]>
              </value>
            </param>
          </params>
          <reporter-output>
          </reporter-output>
        </test-method> <!-- runScenario -->
        <test-method is-config="true" signature="tearDownClass()[pri:0, instance:testRunner.CollegeCreationRunner@37ceb1df]" started-at="2025-01-28T16:38:57 IST" name="tearDownClass" finished-at="2025-01-28T16:38:58 IST" duration-ms="1117" status="PASS">
          <reporter-output>
          </reporter-output>
        </test-method> <!-- tearDownClass -->
      </class> <!-- testRunner.CollegeCreationRunner -->
    </test> <!-- Default test -->
  </suite> <!-- Default suite -->
</testng-results>
